<?xml version="1.0" encoding="UTF-8"?>
<!-- Generated by org.testng.reporters.JUnitReportReporter -->
<testsuite hostname="ITCELL-DEV50" failures="0" tests="1" name="tests.TC_INVALID_UNIVERSITY" time="0.571" errors="0" timestamp="2025-01-17T15:44:08 IST" skipped="0">
  <testcase classname="tests.TC_INVALID_UNIVERSITY" name="invalidUniversity" time="0.571"/>
  <system-out/>
</testsuite> <!-- tests.TC_INVALID_UNIVERSITY -->
