<?xml version="1.0" encoding="UTF-8"?>
<!-- Generated by org.testng.reporters.JUnitReportReporter -->
<testsuite hostname="ITCELL-DEV50" failures="0" tests="1" name="tests.TC_UNIVERSITY_MAX_LENGTH" time="0.597" errors="0" timestamp="2025-01-17T15:44:08 IST" skipped="0">
  <testcase classname="tests.TC_UNIVERSITY_MAX_LENGTH" name="universityMaxLength" time="0.597"/>
  <system-out/>
</testsuite> <!-- tests.TC_UNIVERSITY_MAX_LENGTH -->
