<?xml version="1.0" encoding="UTF-8"?>
<!-- Generated by org.testng.reporters.JUnitReportReporter -->
<testsuite hostname="ITCELL-DEV50" failures="0" tests="1" name="tests.TC_CLEAR_FIELDS" time="1.612" errors="0" timestamp="2025-01-17T15:44:08 IST" skipped="0">
  <testcase classname="tests.TC_CLEAR_FIELDS" name="clearAllFields" time="1.612"/>
  <system-out/>
</testsuite> <!-- tests.TC_CLEAR_FIELDS -->
