<?xml version="1.0" encoding="UTF-8"?>
<!-- Generated by org.testng.reporters.JUnitReportReporter -->
<testsuite hostname="ITCELL-DEV50" failures="0" tests="1" name="tests.TC_INVALID_PASSWORD" time="0.347" errors="0" timestamp="2025-01-24T11:25:14 IST" skipped="0">
  <testcase classname="tests.TC_INVALID_PASSWORD" name="invalidCredentialsTest" time="0.347"/>
  <system-out/>
</testsuite> <!-- tests.TC_INVALID_PASSWORD -->
