<?xml version="1.0" encoding="UTF-8"?>
<!-- Generated by org.testng.reporters.JUnitReportReporter -->
<testsuite hostname="ITCELL-DEV50" failures="0" tests="1" name="tests.TC_INVALID_UNIVERSTIY" time="1.222" errors="0" timestamp="02 Jul 2024 05:34:29 GMT" skipped="0">
  <testcase classname="tests.TC_INVALID_UNIVERSTIY" name="invalidUniversity" time="1.222"/>
</testsuite> <!-- tests.TC_INVALID_UNIVERSTIY -->
