<?xml version="1.0" encoding="UTF-8"?>
<!-- Generated by org.testng.reporters.JUnitReportReporter -->
<testsuite hostname="ITCELL-DEV50" failures="0" tests="1" name="tests.TC_VALID_LOGIN" time="1.177" errors="0" timestamp="2025-01-23T15:33:54 IST" skipped="0">
  <testcase classname="tests.TC_VALID_LOGIN" name="loginTest" time="1.177"/>
  <system-out/>
</testsuite> <!-- tests.TC_VALID_LOGIN -->
