<?xml version="1.0" encoding="UTF-8"?>
<!-- Generated by org.testng.reporters.JUnitReportReporter -->
<testsuite hostname="ITCELL-DEV50" failures="0" tests="1" name="tests.TC_SUBJECT_MAX_LENGTH" time="0.611" errors="0" timestamp="2025-01-17T15:44:08 IST" skipped="0">
  <testcase classname="tests.TC_SUBJECT_MAX_LENGTH" name="subjectMaxLength" time="0.611"/>
  <system-out/>
</testsuite> <!-- tests.TC_SUBJECT_MAX_LENGTH -->
