<?xml version="1.0" encoding="UTF-8"?>
<!-- Generated by org.testng.reporters.JUnitReportReporter -->
<testsuite hostname="ITCELL-DEV50" failures="0" tests="1" name="tests.TC_COURSE_NAME_INVALID" time="0.617" errors="0" timestamp="2025-01-17T15:44:08 IST" skipped="0">
  <testcase classname="tests.TC_COURSE_NAME_INVALID" name="invalidCourseName" time="0.617"/>
  <system-out/>
</testsuite> <!-- tests.TC_COURSE_NAME_INVALID -->
