<?xml version="1.0" encoding="UTF-8"?>
<!-- Generated by org.testng.reporters.JUnitReportReporter -->
<testsuite hostname="ITCELL-DEV50" failures="0" tests="3" name="tests.LoginTest" time="5.563" errors="0" timestamp="05 Jun 2024 06:02:27 GMT" skipped="0">
  <testcase classname="tests.LoginTest" name="invalidCredentialsTest" time="1.976"/>
  <testcase classname="tests.LoginTest" name="invalidLoginTest" time="1.821"/>
  <testcase classname="tests.LoginTest" name="loginTest" time="1.766"/>
</testsuite> <!-- tests.LoginTest -->
