<?xml version="1.0" encoding="UTF-8"?>
<!-- Generated by org.testng.reporters.JUnitReportReporter -->
<testsuite hostname="ITCELL-DEV50" failures="0" tests="1" name="tests.TC_SUBJECT_INVALID" time="0.535" errors="0" timestamp="2025-01-17T15:44:08 IST" skipped="0">
  <testcase classname="tests.TC_SUBJECT_INVALID" name="subjectInvalid" time="0.535"/>
  <system-out/>
</testsuite> <!-- tests.TC_SUBJECT_INVALID -->
